21188-thread-24 StreamExample.java:49 - input: {null: {"id":3,"email":"rwhitchurch2@japanpost.jp","gender":"Female","salary":19}}
19956-thread-23 StreamExample.java:49 - input: {null: {"id":1,"email":"dyapp0@google.com.hk","gender":"Female","salary":15}}
13792-thread-23 StreamExample.java:49 - input: {null: {"id":2,"email":"fwoodyer1@timesonline.co.uk","gender":"Female","salary":17}}
21188-thread-24 StreamExample.java:49 - input: {null: {"id":6,"email":"gskae5@discovery.com","gender":"Female","salary":20}}
21188-thread-24 StreamExample.java:49 - input: {null: {"id":9,"email":"pluten8@t.co","gender":"Female","salary":10}}
21188-thread-24 StreamExample.java:49 - input: {null: {"id":2,"email":"fwoodyer1@timesonline.co.uk","gender":"Female","salary":17}}
21188-thread-24 StreamExample.java:49 - input: {null: {"id":5,"email":"cwrittle4@jiathis.com","gender":"Female","salary":18}}
21188-thread-24 StreamExample.java:49 - input: {null: {"id":8,"email":"gcrosier7@i2i.jp","gender":"Female","salary":16}}
13792-thread-23 StreamExample.java:49 - input: {null: {"id":5,"email":"cwrittle4@jiathis.com","gender":"Female","salary":18}}
13792-thread-23 StreamExample.java:49 - input: {null: {"id":8,"email":"gcrosier7@i2i.jp","gender":"Female","salary":16}}
13792-thread-23 StreamExample.java:49 - input: {null: {"id":1,"email":"dyapp0@google.com.hk","gender":"Female","salary":15}}
13792-thread-23 StreamExample.java:49 - input: {null: {"id":4,"email":"cfincham3@lulu.com","gender":"Male","salary":15}}
13792-thread-23 StreamExample.java:49 - input: {null: {"id":7,"email":"lmessam6@youtube.com","gender":"Male","salary":19}}
13792-thread-23 StreamExample.java:49 - input: {null: {"id":10,"email":"ehaugg9@hp.com","gender":"Female","salary":19}}
19956-thread-23 StreamExample.java:49 - input: {null: {"id":4,"email":"cfincham3@lulu.com","gender":"Male","salary":15}}
19956-thread-23 StreamExample.java:49 - input: {null: {"id":7,"email":"lmessam6@youtube.com","gender":"Male","salary":19}}
19956-thread-23 StreamExample.java:49 - input: {null: {"id":10,"email":"ehaugg9@hp.com","gender":"Female","salary":19}}
19956-thread-23 StreamExample.java:49 - input: {null: {"id":3,"email":"rwhitchurch2@japanpost.jp","gender":"Female","salary":19}}
19956-thread-23 StreamExample.java:49 - input: {null: {"id":6,"email":"gskae5@discovery.com","gender":"Female","salary":20}}
19956-thread-23 StreamExample.java:49 - input: {null: {"id":9,"email":"pluten8@t.co","gender":"Female","salary":10}}
21188-thread-24 StreamExample.java:63 - aggregated: {Male: 68.0}
19956-thread-23 StreamExample.java:63 - aggregated: {Female: 268.0}
22452-thread-24 StreamExample.java:49 - input: {null: {"id":1,"email":"dyapp0@google.com.hk","gender":"Female","salary":15}}
22452-thread-26 StreamExample.java:49 - input: {null: {"id":2,"email":"fwoodyer1@timesonline.co.uk","gender":"Female","salary":17}}
22452-thread-28 StreamExample.java:49 - input: {null: {"id":3,"email":"rwhitchurch2@japanpost.jp","gender":"Female","salary":19}}
22452-thread-24 StreamExample.java:49 - input: {null: {"id":4,"email":"cfincham3@lulu.com","gender":"Male","salary":15}}
22452-thread-24 StreamExample.java:49 - input: {null: {"id":7,"email":"lmessam6@youtube.com","gender":"Male","salary":19}}
22452-thread-24 StreamExample.java:49 - input: {null: {"id":10,"email":"ehaugg9@hp.com","gender":"Female","salary":19}}
22452-thread-24 StreamExample.java:49 - input: {null: {"id":3,"email":"rwhitchurch2@japanpost.jp","gender":"Female","salary":19}}
22452-thread-24 StreamExample.java:49 - input: {null: {"id":6,"email":"gskae5@discovery.com","gender":"Female","salary":20}}
22452-thread-24 StreamExample.java:49 - input: {null: {"id":9,"email":"pluten8@t.co","gender":"Female","salary":10}}
22452-thread-26 StreamExample.java:49 - input: {null: {"id":5,"email":"cwrittle4@jiathis.com","gender":"Female","salary":18}}
22452-thread-26 StreamExample.java:49 - input: {null: {"id":8,"email":"gcrosier7@i2i.jp","gender":"Female","salary":16}}
22452-thread-26 StreamExample.java:49 - input: {null: {"id":1,"email":"dyapp0@google.com.hk","gender":"Female","salary":15}}
22452-thread-26 StreamExample.java:49 - input: {null: {"id":4,"email":"cfincham3@lulu.com","gender":"Male","salary":15}}
22452-thread-26 StreamExample.java:49 - input: {null: {"id":7,"email":"lmessam6@youtube.com","gender":"Male","salary":19}}
22452-thread-26 StreamExample.java:49 - input: {null: {"id":10,"email":"ehaugg9@hp.com","gender":"Female","salary":19}}
22452-thread-28 StreamExample.java:49 - input: {null: {"id":6,"email":"gskae5@discovery.com","gender":"Female","salary":20}}
22452-thread-28 StreamExample.java:49 - input: {null: {"id":9,"email":"pluten8@t.co","gender":"Female","salary":10}}
22452-thread-28 StreamExample.java:49 - input: {null: {"id":2,"email":"fwoodyer1@timesonline.co.uk","gender":"Female","salary":17}}
22452-thread-28 StreamExample.java:49 - input: {null: {"id":5,"email":"cwrittle4@jiathis.com","gender":"Female","salary":18}}
22452-thread-28 StreamExample.java:49 - input: {null: {"id":8,"email":"gcrosier7@i2i.jp","gender":"Female","salary":16}}
22452-thread-28 StreamExample.java:63 - aggregated: {Male: 136.0}
22452-thread-24 StreamExample.java:63 - aggregated: {Female: 536.0}
